Determining if the pthread_create exist failed with the following output:
Change Dir: /home/abanwait/CLionProjects/Brand-New-Computer-Vision-Repo.-2020---2021-/CMakeFiles/CMakeTmp

Run Build Command:"/usr/bin/make" "cmTC_dae9d/fast"
/usr/bin/make -f CMakeFiles/cmTC_dae9d.dir/build.make CMakeFiles/cmTC_dae9d.dir/build
make[1]: Entering directory '/home/abanwait/CLionProjects/Brand-New-Computer-Vision-Repo.-2020---2021-/CMakeFiles/CMakeTmp'
Building C object CMakeFiles/cmTC_dae9d.dir/CheckSymbolExists.c.o
/usr/bin/cc    -o CMakeFiles/cmTC_dae9d.dir/CheckSymbolExists.c.o   -c /home/abanwait/CLionProjects/Brand-New-Computer-Vision-Repo.-2020---2021-/CMakeFiles/CMakeTmp/CheckSymbolExists.c
Linking C executable cmTC_dae9d
/usr/bin/cmake -E cmake_link_script CMakeFiles/cmTC_dae9d.dir/link.txt --verbose=1
/usr/bin/cc      -rdynamic CMakeFiles/cmTC_dae9d.dir/CheckSymbolExists.c.o  -o cmTC_dae9d 
CMakeFiles/cmTC_dae9d.dir/CheckSymbolExists.c.o: In function `main':
CheckSymbolExists.c:(.text+0x1b): undefined reference to `pthread_create'
collect2: error: ld returned 1 exit status
CMakeFiles/cmTC_dae9d.dir/build.make:97: recipe for target 'cmTC_dae9d' failed
make[1]: *** [cmTC_dae9d] Error 1
make[1]: Leaving directory '/home/abanwait/CLionProjects/Brand-New-Computer-Vision-Repo.-2020---2021-/CMakeFiles/CMakeTmp'
Makefile:126: recipe for target 'cmTC_dae9d/fast' failed
make: *** [cmTC_dae9d/fast] Error 2

File /home/abanwait/CLionProjects/Brand-New-Computer-Vision-Repo.-2020---2021-/CMakeFiles/CMakeTmp/CheckSymbolExists.c:
/* */
#include <pthread.h>

int main(int argc, char** argv)
{
  (void)argv;
#ifndef pthread_create
  return ((int*)(&pthread_create))[argc];
#else
  (void)argc;
  return 0;
#endif
}

Determining if the function pthread_create exists in the pthreads failed with the following output:
Change Dir: /home/abanwait/CLionProjects/Brand-New-Computer-Vision-Repo.-2020---2021-/CMakeFiles/CMakeTmp

Run Build Command:"/usr/bin/make" "cmTC_90616/fast"
/usr/bin/make -f CMakeFiles/cmTC_90616.dir/build.make CMakeFiles/cmTC_90616.dir/build
make[1]: Entering directory '/home/abanwait/CLionProjects/Brand-New-Computer-Vision-Repo.-2020---2021-/CMakeFiles/CMakeTmp'
Building C object CMakeFiles/cmTC_90616.dir/CheckFunctionExists.c.o
/usr/bin/cc   -DCHECK_FUNCTION_EXISTS=pthread_create   -o CMakeFiles/cmTC_90616.dir/CheckFunctionExists.c.o   -c /usr/share/cmake-3.10/Modules/CheckFunctionExists.c
Linking C executable cmTC_90616
/usr/bin/cmake -E cmake_link_script CMakeFiles/cmTC_90616.dir/link.txt --verbose=1
/usr/bin/cc  -DCHECK_FUNCTION_EXISTS=pthread_create    -rdynamic CMakeFiles/cmTC_90616.dir/CheckFunctionExists.c.o  -o cmTC_90616 -lpthreads 
/usr/bin/ld: cannot find -lpthreads
collect2: error: ld returned 1 exit status
CMakeFiles/cmTC_90616.dir/build.make:97: recipe for target 'cmTC_90616' failed
make[1]: *** [cmTC_90616] Error 1
make[1]: Leaving directory '/home/abanwait/CLionProjects/Brand-New-Computer-Vision-Repo.-2020---2021-/CMakeFiles/CMakeTmp'
Makefile:126: recipe for target 'cmTC_90616/fast' failed
make: *** [cmTC_90616/fast] Error 2


